{
  message: 'API server is listening on port 8080...',
  level: 'info',
  service: 'devops-2021',
  timestamp: '2021-03-14 00:11:49'
}
{
  message: 'API server is listening on port 8080...',
  level: 'info',
  service: 'devops-2021',
  timestamp: '2021-03-14 00:11:52'
}
{
  message: 'API server is listening on port 8080...',
  level: 'info',
  service: 'devops-2021',
  timestamp: '2021-03-14 00:13:29'
}
{
  message: 'API server is listening on port 8080...',
  level: 'info',
  service: 'devops-2021',
  timestamp: '2021-03-14 00:14:46'
}
{
  message: 'API server is listening on port 8080...',
  level: 'info',
  service: 'devops-2021',
  timestamp: '2021-03-14 00:16:42'
}
{
  message: 'API server is listening on port 8080...',
  level: 'info',
  service: 'devops-2021',
  timestamp: '2021-03-14 00:19:04'
}
{
  message: 'API server is listening on port 8080...',
  level: 'info',
  service: 'devops-2021',
  timestamp: '2021-03-14 00:19:57'
}
{
  message: 'API server is listening on port 8080...',
  level: 'info',
  service: 'devops-2021',
  timestamp: '2021-03-14 00:20:36'
}
{
  message: 'API server is listening on port 8080...',
  level: 'info',
  service: 'devops-2021',
  timestamp: '2021-03-14 00:22:13'
}
{
  message: 'API server is listening on port 8080...',
  level: 'info',
  service: 'devops-2021',
  timestamp: '2021-03-14 00:22:58'
}
{
  message: 'API server is listening on port 8080...',
  level: 'info',
  service: 'devops-2021',
  timestamp: '2021-03-14 00:23:27'
}
{
  message: 'API server is listening on port 8080...',
  level: 'info',
  service: 'devops-2021',
  timestamp: '2021-03-14 00:24:17'
}
{
  message: 'API server is listening on port 8080...',
  level: 'info',
  service: 'devops-2021',
  timestamp: '2021-03-14 00:24:50'
}
{
  message: 'API server is listening on port 8080...',
  level: 'info',
  service: 'devops-2021',
  timestamp: '2021-03-14 00:28:32'
}
{
  message: 'API server is listening on port 8080...',
  level: 'info',
  service: 'devops-2021',
  timestamp: '2021-03-14 10:51:34'
}
{
  message: 'API server is listening on port 8080...',
  level: 'info',
  service: 'devops-2021',
  timestamp: '2021-03-14 11:31:31'
}
{
  message: 'API server is listening on port 8080...',
  level: 'info',
  service: 'devops-2021',
  timestamp: '2021-03-14 14:14:24'
}
{
  message: 'API server is listening on port 8080...',
  level: 'info',
  service: 'devops-2021',
  timestamp: '2021-03-14 14:15:11'
}
{
  message: 'API server is listening on port 8080...',
  level: 'info',
  service: 'devops-2021',
  timestamp: '2021-03-14 14:43:13'
}
{
  message: 'API server is listening on port 8080...',
  level: 'info',
  service: 'devops-2021',
  timestamp: '2021-03-14 19:49:49'
}
{
  message: 'API server is listening on port 8080...',
  level: 'info',
  service: 'devops-2021',
  timestamp: '2021-03-14 20:43:48'
}
{
  message: 'API server is listening on port 8080...',
  level: 'info',
  service: 'devops-2021',
  timestamp: '2021-03-14 20:48:39'
}
