{
  message: 'API server is listening on port 8080...',
  level: 'info',
  service: 'devops-2021',
  timestamp: '2021-03-12 18:45:44'
}
{
  message: 'API server is listening on port 8080...',
  level: 'info',
  service: 'devops-2021',
  timestamp: '2021-03-12 19:03:35'
}
{
  message: 'Hello request route /hello from ::1',
  level: 'info',
  service: 'devops-2021',
  timestamp: '2021-03-12 19:08:09'
}
{
  message: 'success',
  level: 'info',
  service: 'devops-2021',
  timestamp: '2021-03-12 19:08:09'
}
{
  message: 'Properties request route /properties from ::1',
  level: 'info',
  service: 'devops-2021',
  timestamp: '2021-03-12 19:17:56'
}
{
  message: 'Hello request route /hello from ::1',
  level: 'info',
  service: 'devops-2021',
  timestamp: '2021-03-12 19:18:51'
}
{
  message: 'success',
  level: 'info',
  service: 'devops-2021',
  timestamp: '2021-03-12 19:18:51'
}
{
  message: 'Properties request route /properties from ::1',
  level: 'info',
  service: 'devops-2021',
  timestamp: '2021-03-12 19:19:06'
}
{
  message: 'API server is listening on port 8080...',
  level: 'info',
  service: 'devops-2021',
  timestamp: '2021-03-12 19:25:19'
}
{
  message: 'Properties request route /properties from ::1',
  level: 'info',
  service: 'devops-2021',
  timestamp: '2021-03-12 19:25:26'
}
{
  message: 'Properties request route /properties from ::1',
  level: 'info',
  service: 'devops-2021',
  timestamp: '2021-03-12 19:26:29'
}
{
  message: 'success',
  level: 'info',
  service: 'devops-2021',
  timestamp: '2021-03-12 19:26:29'
}
{
  message: 'Properties request route /properties from ::1',
  level: 'info',
  service: 'devops-2021',
  timestamp: '2021-03-12 19:27:10'
}
{
  message: 'API server is listening on port 8080...',
  level: 'info',
  service: 'devops-2021',
  timestamp: '2021-03-12 19:27:46'
}
{
  message: 'Properties request route /properties from ::1',
  level: 'info',
  service: 'devops-2021',
  timestamp: '2021-03-12 19:28:26'
}
{
  message: 'API server is listening on port 8080...',
  level: 'info',
  service: 'devops-2021',
  timestamp: '2021-03-12 19:30:00'
}
{
  message: 'Properties request route /properties from ::1',
  level: 'info',
  service: 'devops-2021',
  timestamp: '2021-03-12 19:30:12'
}
{
  message: 'Hello request route /hello from ::1',
  level: 'info',
  service: 'devops-2021',
  timestamp: '2021-03-12 19:32:30'
}
{
  message: 'Hello request route /hello from ::1',
  level: 'info',
  service: 'devops-2021',
  timestamp: '2021-03-12 19:32:38'
}
{
  message: 'success',
  level: 'info',
  service: 'devops-2021',
  timestamp: '2021-03-12 19:32:38'
}
{
  message: 'Properties request route /properties from ::1',
  level: 'info',
  service: 'devops-2021',
  timestamp: '2021-03-12 19:33:11'
}
{
  message: 'API server is listening on port 8080...',
  level: 'info',
  service: 'devops-2021',
  timestamp: '2021-03-12 19:35:53'
}
{
  message: 'Properties request route /properties from ::1',
  level: 'info',
  service: 'devops-2021',
  timestamp: '2021-03-12 19:35:59'
}
{
  message: 'Properties request route /properties from ::1',
  level: 'info',
  service: 'devops-2021',
  timestamp: '2021-03-12 19:36:04'
}
{
  message: 'API server is listening on port 8080...',
  level: 'info',
  service: 'devops-2021',
  timestamp: '2021-03-12 19:37:42'
}
{
  message: 'Properties request route /properties from ::1',
  level: 'info',
  service: 'devops-2021',
  timestamp: '2021-03-12 19:37:47'
}
{
  message: 'API server is listening on port 8080...',
  level: 'info',
  service: 'devops-2021',
  timestamp: '2021-03-12 19:38:13'
}
{
  message: 'Properties request route /properties from ::1',
  level: 'info',
  service: 'devops-2021',
  timestamp: '2021-03-12 19:38:19'
}
{
  message: 'success',
  level: 'info',
  service: 'devops-2021',
  timestamp: '2021-03-12 19:38:19'
}
{
  message: 'API server is listening on port 8080...',
  level: 'info',
  service: 'devops-2021',
  timestamp: '2021-03-12 19:39:01'
}
{
  message: 'Properties request route /properties from ::1',
  level: 'info',
  service: 'devops-2021',
  timestamp: '2021-03-12 19:39:07'
}
{
  message: 'API server is listening on port 8080...',
  level: 'info',
  service: 'devops-2021',
  timestamp: '2021-03-12 19:40:16'
}
{
  message: 'Properties request route /properties from ::1',
  level: 'info',
  service: 'devops-2021',
  timestamp: '2021-03-12 19:40:19'
}
{
  message: 'API server is listening on port 8080...',
  level: 'info',
  service: 'devops-2021',
  timestamp: '2021-03-12 19:42:45'
}
{
  message: 'Properties request route /properties from ::1',
  level: 'info',
  service: 'devops-2021',
  timestamp: '2021-03-12 19:42:49'
}
{
  message: 'API server is listening on port 8080...',
  level: 'info',
  service: 'devops-2021',
  timestamp: '2021-03-12 19:43:26'
}
{
  message: 'Properties request route /properties from ::1',
  level: 'info',
  service: 'devops-2021',
  timestamp: '2021-03-12 19:43:29'
}
{
  message: 'API server is listening on port 8080...',
  level: 'info',
  service: 'devops-2021',
  timestamp: '2021-03-12 19:45:53'
}
{
  message: 'Properties request route /properties from ::1',
  level: 'info',
  service: 'devops-2021',
  timestamp: '2021-03-12 19:45:56'
}
{
  message: 'API server is listening on port 8080...',
  level: 'info',
  service: 'devops-2021',
  timestamp: '2021-03-12 19:46:07'
}
{
  message: 'Properties request route /properties from ::1',
  level: 'info',
  service: 'devops-2021',
  timestamp: '2021-03-12 19:46:10'
}
{
  message: 'Properties request route /properties from ::1',
  level: 'info',
  service: 'devops-2021',
  timestamp: '2021-03-12 19:47:32'
}
{
  message: 'success',
  level: 'info',
  service: 'devops-2021',
  timestamp: '2021-03-12 19:47:32'
}
{
  message: 'Properties request route /properties from ::1',
  level: 'info',
  service: 'devops-2021',
  timestamp: '2021-03-12 19:47:49'
}
{
  message: 'success',
  level: 'info',
  service: 'devops-2021',
  timestamp: '2021-03-12 19:47:49'
}
{
  message: 'Properties request route /properties from ::1',
  level: 'info',
  service: 'devops-2021',
  timestamp: '2021-03-12 19:47:54'
}
{
  message: 'API server is listening on port 8080...',
  level: 'info',
  service: 'devops-2021',
  timestamp: '2021-03-12 19:48:43'
}
{
  message: 'Properties request route /properties from ::1',
  level: 'info',
  service: 'devops-2021',
  timestamp: '2021-03-12 19:48:46'
}
{
  message: 'API server is listening on port 8080...',
  level: 'info',
  service: 'devops-2021',
  timestamp: '2021-03-12 19:49:22'
}
{
  message: 'Properties request route /properties from ::1',
  level: 'info',
  service: 'devops-2021',
  timestamp: '2021-03-12 19:49:26'
}
{
  message: 'success',
  level: 'info',
  service: 'devops-2021',
  timestamp: '2021-03-12 19:49:26'
}
{
  message: 'API server is listening on port 8080...',
  level: 'info',
  service: 'devops-2021',
  timestamp: '2021-03-12 19:50:02'
}
{
  message: 'Properties request route /properties from ::1',
  level: 'info',
  service: 'devops-2021',
  timestamp: '2021-03-12 19:50:08'
}
{
  message: 'API server is listening on port 8080...',
  level: 'info',
  service: 'devops-2021',
  timestamp: '2021-03-12 19:50:23'
}
{
  message: 'Properties request route /properties from ::1',
  level: 'info',
  service: 'devops-2021',
  timestamp: '2021-03-12 19:50:27'
}
{
  message: 'Properties request route /properties from ::1',
  level: 'info',
  service: 'devops-2021',
  timestamp: '2021-03-12 19:50:37'
}
{
  message: 'Properties request route /properties from ::1',
  level: 'info',
  service: 'devops-2021',
  timestamp: '2021-03-12 19:50:40'
}
{
  message: 'API server is listening on port 8080...',
  level: 'info',
  service: 'devops-2021',
  timestamp: '2021-03-12 19:51:21'
}
{
  message: 'Properties request route /properties from ::1',
  level: 'info',
  service: 'devops-2021',
  timestamp: '2021-03-12 19:51:27'
}
{
  message: 'API server is listening on port 8080...',
  level: 'info',
  service: 'devops-2021',
  timestamp: '2021-03-12 19:51:48'
}
{
  message: 'Properties request route /properties from ::1',
  level: 'info',
  service: 'devops-2021',
  timestamp: '2021-03-12 19:51:51'
}
{
  message: 'API server is listening on port 8080...',
  level: 'info',
  service: 'devops-2021',
  timestamp: '2021-03-12 19:53:24'
}
{
  message: 'Properties request route /properties from ::1',
  level: 'info',
  service: 'devops-2021',
  timestamp: '2021-03-12 19:53:28'
}
{
  message: 'API server is listening on port 8080...',
  level: 'info',
  service: 'devops-2021',
  timestamp: '2021-03-12 19:53:59'
}
{
  message: 'Properties request route /properties from ::1',
  level: 'info',
  service: 'devops-2021',
  timestamp: '2021-03-12 19:54:02'
}
{
  message: 'Hello request route /hello from ::1',
  level: 'info',
  service: 'devops-2021',
  timestamp: '2021-03-12 19:54:28'
}
{
  message: 'success',
  level: 'info',
  service: 'devops-2021',
  timestamp: '2021-03-12 19:54:28'
}
{
  message: 'Properties request route /properties from ::1',
  level: 'info',
  service: 'devops-2021',
  timestamp: '2021-03-12 19:54:33'
}
{
  message: 'success',
  level: 'info',
  service: 'devops-2021',
  timestamp: '2021-03-12 19:54:33'
}
{
  message: 'API server is listening on port 8080...',
  level: 'info',
  service: 'devops-2021',
  timestamp: '2021-03-12 19:56:08'
}
{
  message: 'Properties request route /properties from ::1',
  level: 'info',
  service: 'devops-2021',
  timestamp: '2021-03-12 19:56:13'
}
{
  message: 'success',
  level: 'info',
  service: 'devops-2021',
  timestamp: '2021-03-12 19:56:13'
}
{
  message: 'Properties request route /properties from ::1',
  level: 'info',
  service: 'devops-2021',
  timestamp: '2021-03-12 19:56:17'
}
{
  message: 'Properties request route /properties from ::1',
  level: 'info',
  service: 'devops-2021',
  timestamp: '2021-03-12 19:56:32'
}
{
  message: 'API server is listening on port 8080...',
  level: 'info',
  service: 'devops-2021',
  timestamp: '2021-03-12 19:59:14'
}
{
  message: 'Properties request route /properties from ::1',
  level: 'info',
  service: 'devops-2021',
  timestamp: '2021-03-12 19:59:19'
}
{
  message: 'API server is listening on port 8080...',
  level: 'info',
  service: 'devops-2021',
  timestamp: '2021-03-12 20:00:01'
}
{
  message: 'Properties request route /properties from ::1',
  level: 'info',
  service: 'devops-2021',
  timestamp: '2021-03-12 20:00:06'
}
{
  message: 'Properties request route /properties from ::1',
  level: 'info',
  service: 'devops-2021',
  timestamp: '2021-03-12 20:00:08'
}
{
  message: 'Properties request route /properties from ::1',
  level: 'info',
  service: 'devops-2021',
  timestamp: '2021-03-12 20:00:08'
}
{
  message: 'Properties request route /properties from ::1',
  level: 'info',
  service: 'devops-2021',
  timestamp: '2021-03-12 20:00:09'
}
{
  message: 'Properties request route /properties from ::1',
  level: 'info',
  service: 'devops-2021',
  timestamp: '2021-03-12 20:00:09'
}
{
  message: 'Properties request route /properties from ::1',
  level: 'info',
  service: 'devops-2021',
  timestamp: '2021-03-12 20:00:18'
}
{
  message: 'success',
  level: 'info',
  service: 'devops-2021',
  timestamp: '2021-03-12 20:00:18'
}
{
  message: 'Properties request route /properties from ::1',
  level: 'info',
  service: 'devops-2021',
  timestamp: '2021-03-12 20:00:22'
}
{
  message: 'API server is listening on port 8080...',
  level: 'info',
  service: 'devops-2021',
  timestamp: '2021-03-12 20:00:43'
}
{
  message: 'Properties request route /properties from ::1',
  level: 'info',
  service: 'devops-2021',
  timestamp: '2021-03-12 20:00:46'
}
{
  message: 'Properties request route /properties?address=1001%20UTSA%20BLV&city=San%20Antonio&state=TX&zip=78238 from ::1',
  level: 'info',
  service: 'devops-2021',
  timestamp: '2021-03-12 20:03:10'
}
{
  message: 'API server is listening on port 8080...',
  level: 'info',
  service: 'devops-2021',
  timestamp: '2021-03-12 20:03:41'
}
{
  message: 'Properties request route /properties?address=1001%20UTSA%20BLV&city=San%20Antonio&state=TX&zip=78238 from ::1',
  level: 'info',
  service: 'devops-2021',
  timestamp: '2021-03-12 20:03:51'
}
{
  message: 'Properties request route /properties?address=1001%20UTSA%20BLV&city=San%20Antonio&state=TX&zip=78238 from ::1',
  level: 'info',
  service: 'devops-2021',
  timestamp: '2021-03-12 20:03:55'
}
{
  message: 'success',
  level: 'info',
  service: 'devops-2021',
  timestamp: '2021-03-12 20:03:55'
}
{
  message: 'Properties request route /properties?address=1001%20UTSA%20BLV&city=San%20Antonio&state=TX&zip=78238 from ::1',
  level: 'info',
  service: 'devops-2021',
  timestamp: '2021-03-12 20:04:01'
}
